ERROR - 2022-06-09 10:54:39 --> Column 'estado' cannot be null
CRITICAL - 2022-06-09 10:54:39 --> Column 'estado' cannot be null
#0 C:\laragon\www\CT\system\Database\MySQLi\Connection.php(292): mysqli->query('INSERT INTO `tb...', 0)
#1 C:\laragon\www\CT\system\Database\BaseConnection.php(670): CodeIgniter\Database\MySQLi\Connection->execute('INSERT INTO `tb...')
#2 C:\laragon\www\CT\system\Database\BaseConnection.php(598): CodeIgniter\Database\BaseConnection->simpleQuery('INSERT INTO `tb...')
#3 C:\laragon\www\CT\system\Database\BaseBuilder.php(1771): CodeIgniter\Database\BaseConnection->query('INSERT INTO `tb...', Array, false)
#4 C:\laragon\www\CT\system\Model.php(239): CodeIgniter\Database\BaseBuilder->insert()
#5 C:\laragon\www\CT\system\BaseModel.php(738): CodeIgniter\Model->doInsert(Array)
#6 C:\laragon\www\CT\system\Model.php(625): CodeIgniter\BaseModel->insert(Array, false)
#7 C:\laragon\www\CT\system\BaseModel.php(658): CodeIgniter\Model->insert(Array, false)
#8 C:\laragon\www\CT\app\Controllers\Admin\UpdateDelete.php(633): CodeIgniter\BaseModel->save(Array)
#9 C:\laragon\www\CT\system\CodeIgniter.php(832): App\Controllers\Admin\UpdateDelete->volverCt()
#10 C:\laragon\www\CT\system\CodeIgniter.php(419): CodeIgniter\CodeIgniter->runController(Object(App\Controllers\Admin\UpdateDelete))
#11 C:\laragon\www\CT\system\CodeIgniter.php(326): CodeIgniter\CodeIgniter->handleRequest(NULL, Object(Config\Cache), false)
#12 C:\laragon\www\CT\public\index.php(37): CodeIgniter\CodeIgniter->run()
#13 {main}
ERROR - 2022-06-09 10:58:16 --> Column 'estado' cannot be null
CRITICAL - 2022-06-09 10:58:16 --> Column 'estado' cannot be null
#0 C:\laragon\www\CT\system\Database\MySQLi\Connection.php(292): mysqli->query('INSERT INTO `tb...', 0)
#1 C:\laragon\www\CT\system\Database\BaseConnection.php(670): CodeIgniter\Database\MySQLi\Connection->execute('INSERT INTO `tb...')
#2 C:\laragon\www\CT\system\Database\BaseConnection.php(598): CodeIgniter\Database\BaseConnection->simpleQuery('INSERT INTO `tb...')
#3 C:\laragon\www\CT\system\Database\BaseBuilder.php(1771): CodeIgniter\Database\BaseConnection->query('INSERT INTO `tb...', Array, false)
#4 C:\laragon\www\CT\system\Model.php(239): CodeIgniter\Database\BaseBuilder->insert()
#5 C:\laragon\www\CT\system\BaseModel.php(738): CodeIgniter\Model->doInsert(Array)
#6 C:\laragon\www\CT\system\Model.php(625): CodeIgniter\BaseModel->insert(Array, false)
#7 C:\laragon\www\CT\system\BaseModel.php(658): CodeIgniter\Model->insert(Array, false)
#8 C:\laragon\www\CT\app\Controllers\Admin\UpdateDelete.php(635): CodeIgniter\BaseModel->save(Array)
#9 C:\laragon\www\CT\system\CodeIgniter.php(832): App\Controllers\Admin\UpdateDelete->volverCt()
#10 C:\laragon\www\CT\system\CodeIgniter.php(419): CodeIgniter\CodeIgniter->runController(Object(App\Controllers\Admin\UpdateDelete))
#11 C:\laragon\www\CT\system\CodeIgniter.php(326): CodeIgniter\CodeIgniter->handleRequest(NULL, Object(Config\Cache), false)
#12 C:\laragon\www\CT\public\index.php(37): CodeIgniter\CodeIgniter->run()
#13 {main}
ERROR - 2022-06-09 11:01:13 --> Column 'estado' cannot be null
CRITICAL - 2022-06-09 11:01:14 --> Column 'estado' cannot be null
#0 C:\laragon\www\CT\system\Database\MySQLi\Connection.php(292): mysqli->query('INSERT INTO `tb...', 0)
#1 C:\laragon\www\CT\system\Database\BaseConnection.php(670): CodeIgniter\Database\MySQLi\Connection->execute('INSERT INTO `tb...')
#2 C:\laragon\www\CT\system\Database\BaseConnection.php(598): CodeIgniter\Database\BaseConnection->simpleQuery('INSERT INTO `tb...')
#3 C:\laragon\www\CT\system\Database\BaseBuilder.php(1771): CodeIgniter\Database\BaseConnection->query('INSERT INTO `tb...', Array, false)
#4 C:\laragon\www\CT\system\Model.php(239): CodeIgniter\Database\BaseBuilder->insert()
#5 C:\laragon\www\CT\system\BaseModel.php(738): CodeIgniter\Model->doInsert(Array)
#6 C:\laragon\www\CT\system\Model.php(625): CodeIgniter\BaseModel->insert(Array, false)
#7 C:\laragon\www\CT\system\BaseModel.php(658): CodeIgniter\Model->insert(Array, false)
#8 C:\laragon\www\CT\app\Controllers\Admin\UpdateDelete.php(567): CodeIgniter\BaseModel->save(Array)
#9 C:\laragon\www\CT\system\CodeIgniter.php(832): App\Controllers\Admin\UpdateDelete->darDeBajaCt()
#10 C:\laragon\www\CT\system\CodeIgniter.php(419): CodeIgniter\CodeIgniter->runController(Object(App\Controllers\Admin\UpdateDelete))
#11 C:\laragon\www\CT\system\CodeIgniter.php(326): CodeIgniter\CodeIgniter->handleRequest(NULL, Object(Config\Cache), false)
#12 C:\laragon\www\CT\public\index.php(37): CodeIgniter\CodeIgniter->run()
#13 {main}
CRITICAL - 2022-06-09 11:17:30 --> Undefined variable: incidencias
#0 C:\laragon\www\CT\app\Views\admin\incidencias.php(31): CodeIgniter\Debug\Exceptions->errorHandler(8, 'Undefined varia...', 'C:\\laragon\\www\\...', 31, Array)
#1 C:\laragon\www\CT\system\View\View.php(210): include('C:\\laragon\\www\\...')
#2 C:\laragon\www\CT\system\View\View.php(213): CodeIgniter\View\View->CodeIgniter\View\{closure}()
#3 C:\laragon\www\CT\system\Common.php(1089): CodeIgniter\View\View->render('admin/incidenci...', Array, true)
#4 C:\laragon\www\CT\app\Controllers\Admin\Vistas.php(171): view('admin/incidenci...', Array)
#5 C:\laragon\www\CT\system\CodeIgniter.php(832): App\Controllers\Admin\Vistas->resolverIncidencia()
#6 C:\laragon\www\CT\system\CodeIgniter.php(419): CodeIgniter\CodeIgniter->runController(Object(App\Controllers\Admin\Vistas))
#7 C:\laragon\www\CT\system\CodeIgniter.php(326): CodeIgniter\CodeIgniter->handleRequest(NULL, Object(Config\Cache), false)
#8 C:\laragon\www\CT\public\index.php(37): CodeIgniter\CodeIgniter->run()
#9 {main}
CRITICAL - 2022-06-09 11:17:56 --> Undefined variable: incidencias
#0 C:\laragon\www\CT\app\Views\admin\incidencias.php(31): CodeIgniter\Debug\Exceptions->errorHandler(8, 'Undefined varia...', 'C:\\laragon\\www\\...', 31, Array)
#1 C:\laragon\www\CT\system\View\View.php(210): include('C:\\laragon\\www\\...')
#2 C:\laragon\www\CT\system\View\View.php(213): CodeIgniter\View\View->CodeIgniter\View\{closure}()
#3 C:\laragon\www\CT\system\Common.php(1089): CodeIgniter\View\View->render('admin/incidenci...', Array, true)
#4 C:\laragon\www\CT\app\Controllers\Admin\Vistas.php(171): view('admin/incidenci...', Array)
#5 C:\laragon\www\CT\system\CodeIgniter.php(832): App\Controllers\Admin\Vistas->resolverIncidencia()
#6 C:\laragon\www\CT\system\CodeIgniter.php(419): CodeIgniter\CodeIgniter->runController(Object(App\Controllers\Admin\Vistas))
#7 C:\laragon\www\CT\system\CodeIgniter.php(326): CodeIgniter\CodeIgniter->handleRequest(NULL, Object(Config\Cache), false)
#8 C:\laragon\www\CT\public\index.php(37): CodeIgniter\CodeIgniter->run()
#9 {main}
CRITICAL - 2022-06-09 11:18:57 --> Invalid file: admin/resolverIncidencia.php
#0 C:\laragon\www\CT\system\View\View.php(198): CodeIgniter\Exceptions\FrameworkException::forInvalidFile('admin/resolverI...')
#1 C:\laragon\www\CT\system\Common.php(1089): CodeIgniter\View\View->render('admin/resolverI...', Array, true)
#2 C:\laragon\www\CT\app\Controllers\Admin\Vistas.php(171): view('admin/resolverI...', Array)
#3 C:\laragon\www\CT\system\CodeIgniter.php(832): App\Controllers\Admin\Vistas->resolverIncidencia()
#4 C:\laragon\www\CT\system\CodeIgniter.php(419): CodeIgniter\CodeIgniter->runController(Object(App\Controllers\Admin\Vistas))
#5 C:\laragon\www\CT\system\CodeIgniter.php(326): CodeIgniter\CodeIgniter->handleRequest(NULL, Object(Config\Cache), false)
#6 C:\laragon\www\CT\public\index.php(37): CodeIgniter\CodeIgniter->run()
#7 {main}
CRITICAL - 2022-06-09 11:19:17 --> Undefined variable: mostrar
#0 C:\laragon\www\CT\app\Views\admin\resolverIncidencias.php(30): CodeIgniter\Debug\Exceptions->errorHandler(8, 'Undefined varia...', 'C:\\laragon\\www\\...', 30, Array)
#1 C:\laragon\www\CT\system\View\View.php(210): include('C:\\laragon\\www\\...')
#2 C:\laragon\www\CT\system\View\View.php(213): CodeIgniter\View\View->CodeIgniter\View\{closure}()
#3 C:\laragon\www\CT\system\Common.php(1089): CodeIgniter\View\View->render('admin/resolverI...', Array, true)
#4 C:\laragon\www\CT\app\Controllers\Admin\Vistas.php(171): view('admin/resolverI...', Array)
#5 C:\laragon\www\CT\system\CodeIgniter.php(832): App\Controllers\Admin\Vistas->resolverIncidencia()
#6 C:\laragon\www\CT\system\CodeIgniter.php(419): CodeIgniter\CodeIgniter->runController(Object(App\Controllers\Admin\Vistas))
#7 C:\laragon\www\CT\system\CodeIgniter.php(326): CodeIgniter\CodeIgniter->handleRequest(NULL, Object(Config\Cache), false)
#8 C:\laragon\www\CT\public\index.php(37): CodeIgniter\CodeIgniter->run()
#9 {main}
CRITICAL - 2022-06-09 11:19:34 --> Trying to get property 'idCt' of non-object
#0 C:\laragon\www\CT\app\Views\admin\resolverIncidencias.php(30): CodeIgniter\Debug\Exceptions->errorHandler(8, 'Trying to get p...', 'C:\\laragon\\www\\...', 30, Array)
#1 C:\laragon\www\CT\system\View\View.php(210): include('C:\\laragon\\www\\...')
#2 C:\laragon\www\CT\system\View\View.php(213): CodeIgniter\View\View->CodeIgniter\View\{closure}()
#3 C:\laragon\www\CT\system\Common.php(1089): CodeIgniter\View\View->render('admin/resolverI...', Array, true)
#4 C:\laragon\www\CT\app\Controllers\Admin\Vistas.php(171): view('admin/resolverI...', Array)
#5 C:\laragon\www\CT\system\CodeIgniter.php(832): App\Controllers\Admin\Vistas->resolverIncidencia()
#6 C:\laragon\www\CT\system\CodeIgniter.php(419): CodeIgniter\CodeIgniter->runController(Object(App\Controllers\Admin\Vistas))
#7 C:\laragon\www\CT\system\CodeIgniter.php(326): CodeIgniter\CodeIgniter->handleRequest(NULL, Object(Config\Cache), false)
#8 C:\laragon\www\CT\public\index.php(37): CodeIgniter\CodeIgniter->run()
#9 {main}
CRITICAL - 2022-06-09 11:20:05 --> Trying to get property 'idIncidencia' of non-object
#0 C:\laragon\www\CT\app\Views\admin\resolverIncidencias.php(30): CodeIgniter\Debug\Exceptions->errorHandler(8, 'Trying to get p...', 'C:\\laragon\\www\\...', 30, Array)
#1 C:\laragon\www\CT\system\View\View.php(210): include('C:\\laragon\\www\\...')
#2 C:\laragon\www\CT\system\View\View.php(213): CodeIgniter\View\View->CodeIgniter\View\{closure}()
#3 C:\laragon\www\CT\system\Common.php(1089): CodeIgniter\View\View->render('admin/resolverI...', Array, true)
#4 C:\laragon\www\CT\app\Controllers\Admin\Vistas.php(171): view('admin/resolverI...', Array)
#5 C:\laragon\www\CT\system\CodeIgniter.php(832): App\Controllers\Admin\Vistas->resolverIncidencia()
#6 C:\laragon\www\CT\system\CodeIgniter.php(419): CodeIgniter\CodeIgniter->runController(Object(App\Controllers\Admin\Vistas))
#7 C:\laragon\www\CT\system\CodeIgniter.php(326): CodeIgniter\CodeIgniter->handleRequest(NULL, Object(Config\Cache), false)
#8 C:\laragon\www\CT\public\index.php(37): CodeIgniter\CodeIgniter->run()
#9 {main}
CRITICAL - 2022-06-09 11:23:34 --> Undefined index: id
#0 C:\laragon\www\CT\app\Controllers\Admin\Vistas.php(158): CodeIgniter\Debug\Exceptions->errorHandler(8, 'Undefined index...', 'C:\\laragon\\www\\...', 158, Array)
#1 C:\laragon\www\CT\system\CodeIgniter.php(832): App\Controllers\Admin\Vistas->resolverIncidencia()
#2 C:\laragon\www\CT\system\CodeIgniter.php(419): CodeIgniter\CodeIgniter->runController(Object(App\Controllers\Admin\Vistas))
#3 C:\laragon\www\CT\system\CodeIgniter.php(326): CodeIgniter\CodeIgniter->handleRequest(NULL, Object(Config\Cache), false)
#4 C:\laragon\www\CT\public\index.php(37): CodeIgniter\CodeIgniter->run()
#5 {main}
CRITICAL - 2022-06-09 11:35:46 --> Undefined index: id
#0 C:\laragon\www\CT\app\Controllers\Admin\Vistas.php(158): CodeIgniter\Debug\Exceptions->errorHandler(8, 'Undefined index...', 'C:\\laragon\\www\\...', 158, Array)
#1 C:\laragon\www\CT\system\CodeIgniter.php(832): App\Controllers\Admin\Vistas->resolverIncidencia()
#2 C:\laragon\www\CT\system\CodeIgniter.php(419): CodeIgniter\CodeIgniter->runController(Object(App\Controllers\Admin\Vistas))
#3 C:\laragon\www\CT\system\CodeIgniter.php(326): CodeIgniter\CodeIgniter->handleRequest(NULL, Object(Config\Cache), false)
#4 C:\laragon\www\CT\public\index.php(37): CodeIgniter\CodeIgniter->run()
#5 {main}
CRITICAL - 2022-06-09 11:36:12 --> Undefined index: id
#0 C:\laragon\www\CT\app\Controllers\Admin\Vistas.php(158): CodeIgniter\Debug\Exceptions->errorHandler(8, 'Undefined index...', 'C:\\laragon\\www\\...', 158, Array)
#1 C:\laragon\www\CT\system\CodeIgniter.php(832): App\Controllers\Admin\Vistas->resolverIncidencia()
#2 C:\laragon\www\CT\system\CodeIgniter.php(419): CodeIgniter\CodeIgniter->runController(Object(App\Controllers\Admin\Vistas))
#3 C:\laragon\www\CT\system\CodeIgniter.php(326): CodeIgniter\CodeIgniter->handleRequest(NULL, Object(Config\Cache), false)
#4 C:\laragon\www\CT\public\index.php(37): CodeIgniter\CodeIgniter->run()
#5 {main}
CRITICAL - 2022-06-09 11:37:27 --> Cannot use isset() on the result of an expression (you can use "null !== expression" instead)
#0 [internal function]: CodeIgniter\Debug\Exceptions->shutdownHandler()
#1 {main}
CRITICAL - 2022-06-09 12:19:47 --> is_not_list is not a valid rule.
#0 C:\laragon\www\CT\system\Validation\Validation.php(300): CodeIgniter\Validation\Exceptions\ValidationException::forRuleNotFound('is_not_list')
#1 C:\laragon\www\CT\system\Validation\Validation.php(157): CodeIgniter\Validation\Validation->processRules('descripcion', 'descripcion', 'dadsdads\r\n', Array, Array)
#2 C:\laragon\www\CT\app\Controllers\Admin\Registro.php(124): CodeIgniter\Validation\Validation->run()
#3 C:\laragon\www\CT\system\CodeIgniter.php(832): App\Controllers\Admin\Registro->registrarCentroTecnologia()
#4 C:\laragon\www\CT\system\CodeIgniter.php(419): CodeIgniter\CodeIgniter->runController(Object(App\Controllers\Admin\Registro))
#5 C:\laragon\www\CT\system\CodeIgniter.php(326): CodeIgniter\CodeIgniter->handleRequest(NULL, Object(Config\Cache), false)
#6 C:\laragon\www\CT\public\index.php(37): CodeIgniter\CodeIgniter->run()
#7 {main}
CRITICAL - 2022-06-09 13:32:19 --> syntax error, unexpected '$model' (T_VARIABLE)
#0 C:\laragon\www\CT\system\Autoloader\Autoloader.php(241): CodeIgniter\Autoloader\Autoloader->includeFile('C:\\laragon\\www\\...')
#1 C:\laragon\www\CT\system\Autoloader\Autoloader.php(219): CodeIgniter\Autoloader\Autoloader->loadInNamespace('App\\Controllers...')
#2 [internal function]: CodeIgniter\Autoloader\Autoloader->loadClass('App\\Controllers...')
#3 [internal function]: spl_autoload_call('App\\Controllers...')
#4 C:\laragon\www\CT\system\CodeIgniter.php(797): class_exists('\\App\\Controller...', true)
#5 C:\laragon\www\CT\system\CodeIgniter.php(406): CodeIgniter\CodeIgniter->startController()
#6 C:\laragon\www\CT\system\CodeIgniter.php(326): CodeIgniter\CodeIgniter->handleRequest(NULL, Object(Config\Cache), false)
#7 C:\laragon\www\CT\public\index.php(37): CodeIgniter\CodeIgniter->run()
#8 {main}
CRITICAL - 2022-06-09 13:32:53 --> Undefined variable: validar
#0 C:\laragon\www\CT\app\Controllers\Admin\UpdateDelete.php(822): CodeIgniter\Debug\Exceptions->errorHandler(8, 'Undefined varia...', 'C:\\laragon\\www\\...', 822, Array)
#1 C:\laragon\www\CT\system\CodeIgniter.php(832): App\Controllers\Admin\UpdateDelete->resuelveIncidencia()
#2 C:\laragon\www\CT\system\CodeIgniter.php(419): CodeIgniter\CodeIgniter->runController(Object(App\Controllers\Admin\UpdateDelete))
#3 C:\laragon\www\CT\system\CodeIgniter.php(326): CodeIgniter\CodeIgniter->handleRequest(NULL, Object(Config\Cache), false)
#4 C:\laragon\www\CT\public\index.php(37): CodeIgniter\CodeIgniter->run()
#5 {main}
ERROR - 2022-06-09 15:16:22 --> Error connecting to the database: Access denied for user '****'@'localhost' (using password: NO)
CRITICAL - 2022-06-09 15:16:22 --> Unable to connect to the database.
Main connection [MySQLi]: Access denied for user '****'@'localhost' (using password: NO)
#0 C:\laragon\www\CT\system\Database\BaseConnection.php(577): CodeIgniter\Database\BaseConnection->initialize()
#1 C:\laragon\www\CT\system\Database\BaseBuilder.php(1455): CodeIgniter\Database\BaseConnection->query('SELECT *\nFROM `...', Array, false)
#2 C:\laragon\www\CT\system\Model.php(210): CodeIgniter\Database\BaseBuilder->get()
#3 C:\laragon\www\CT\system\BaseModel.php(622): CodeIgniter\Model->doFirst()
#4 C:\laragon\www\CT\app\Models\UsuarioModel.php(51): CodeIgniter\BaseModel->first()
#5 C:\laragon\www\CT\app\Controllers\Auth\Login.php(37): App\Models\UsuarioModel->buscarUsuario('usuario', 'DTbryanamaya1')
#6 C:\laragon\www\CT\system\CodeIgniter.php(832): App\Controllers\Auth\Login->signin()
#7 C:\laragon\www\CT\system\CodeIgniter.php(419): CodeIgniter\CodeIgniter->runController(Object(App\Controllers\Auth\Login))
#8 C:\laragon\www\CT\system\CodeIgniter.php(326): CodeIgniter\CodeIgniter->handleRequest(NULL, Object(Config\Cache), false)
#9 C:\laragon\www\CT\public\index.php(37): CodeIgniter\CodeIgniter->run()
#10 {main}
CRITICAL - 2022-06-09 16:07:54 --> Undefined variable: usuario
#0 C:\laragon\www\CT\app\Views\admin\resolverIncidencias.php(66): CodeIgniter\Debug\Exceptions->errorHandler(8, 'Undefined varia...', 'C:\\laragon\\www\\...', 66, Array)
#1 C:\laragon\www\CT\system\View\View.php(210): include('C:\\laragon\\www\\...')
#2 C:\laragon\www\CT\system\View\View.php(213): CodeIgniter\View\View->CodeIgniter\View\{closure}()
#3 C:\laragon\www\CT\system\Common.php(1089): CodeIgniter\View\View->render('admin/resolverI...', Array, true)
#4 C:\laragon\www\CT\app\Controllers\Admin\Vistas.php(215): view('admin/resolverI...', Array)
#5 C:\laragon\www\CT\system\CodeIgniter.php(832): App\Controllers\Admin\Vistas->resolverIncidencia()
#6 C:\laragon\www\CT\system\CodeIgniter.php(419): CodeIgniter\CodeIgniter->runController(Object(App\Controllers\Admin\Vistas))
#7 C:\laragon\www\CT\system\CodeIgniter.php(326): CodeIgniter\CodeIgniter->handleRequest(NULL, Object(Config\Cache), false)
#8 C:\laragon\www\CT\public\index.php(37): CodeIgniter\CodeIgniter->run()
#9 {main}
CRITICAL - 2022-06-09 16:20:18 --> Undefined variable: usuario
#0 C:\laragon\www\CT\app\Views\admin\resolverIncidencias.php(63): CodeIgniter\Debug\Exceptions->errorHandler(8, 'Undefined varia...', 'C:\\laragon\\www\\...', 63, Array)
#1 C:\laragon\www\CT\system\View\View.php(210): include('C:\\laragon\\www\\...')
#2 C:\laragon\www\CT\system\View\View.php(213): CodeIgniter\View\View->CodeIgniter\View\{closure}()
#3 C:\laragon\www\CT\system\Common.php(1089): CodeIgniter\View\View->render('admin/resolverI...', Array, true)
#4 C:\laragon\www\CT\app\Controllers\Admin\Vistas.php(215): view('admin/resolverI...', Array)
#5 C:\laragon\www\CT\system\CodeIgniter.php(832): App\Controllers\Admin\Vistas->resolverIncidencia()
#6 C:\laragon\www\CT\system\CodeIgniter.php(419): CodeIgniter\CodeIgniter->runController(Object(App\Controllers\Admin\Vistas))
#7 C:\laragon\www\CT\system\CodeIgniter.php(326): CodeIgniter\CodeIgniter->handleRequest(NULL, Object(Config\Cache), false)
#8 C:\laragon\www\CT\public\index.php(37): CodeIgniter\CodeIgniter->run()
#9 {main}
