CRITICAL - 2022-06-13 11:21:57 --> Argument 1 passed to CodeIgniter\BaseModel::findAll() must be of the type int, string given, called in C:\laragon\www\CT\app\Views\admin\agregarIncidencia.php on line 132
#0 C:\laragon\www\CT\app\Views\admin\agregarIncidencia.php(132): CodeIgniter\BaseModel->findAll('buscar')
#1 C:\laragon\www\CT\system\View\View.php(210): include('C:\\laragon\\www\\...')
#2 C:\laragon\www\CT\system\View\View.php(213): CodeIgniter\View\View->CodeIgniter\View\{closure}()
#3 C:\laragon\www\CT\system\Common.php(1089): CodeIgniter\View\View->render('admin/agregarIn...', Array, true)
#4 C:\laragon\www\CT\app\Controllers\Admin\Vistas.php(35): view('admin/agregarIn...', Array)
#5 C:\laragon\www\CT\system\CodeIgniter.php(832): App\Controllers\Admin\Vistas->incidencia()
#6 C:\laragon\www\CT\system\CodeIgniter.php(419): CodeIgniter\CodeIgniter->runController(Object(App\Controllers\Admin\Vistas))
#7 C:\laragon\www\CT\system\CodeIgniter.php(326): CodeIgniter\CodeIgniter->handleRequest(NULL, Object(Config\Cache), false)
#8 C:\laragon\www\CT\public\index.php(37): CodeIgniter\CodeIgniter->run()
#9 {main}
CRITICAL - 2022-06-13 11:22:46 --> Argument 1 passed to CodeIgniter\BaseModel::findAll() must be of the type int, string given, called in C:\laragon\www\CT\app\Views\admin\agregarIncidencia.php on line 132
#0 C:\laragon\www\CT\app\Views\admin\agregarIncidencia.php(132): CodeIgniter\BaseModel->findAll('`${buscar}`')
#1 C:\laragon\www\CT\system\View\View.php(210): include('C:\\laragon\\www\\...')
#2 C:\laragon\www\CT\system\View\View.php(213): CodeIgniter\View\View->CodeIgniter\View\{closure}()
#3 C:\laragon\www\CT\system\Common.php(1089): CodeIgniter\View\View->render('admin/agregarIn...', Array, true)
#4 C:\laragon\www\CT\app\Controllers\Admin\Vistas.php(35): view('admin/agregarIn...', Array)
#5 C:\laragon\www\CT\system\CodeIgniter.php(832): App\Controllers\Admin\Vistas->incidencia()
#6 C:\laragon\www\CT\system\CodeIgniter.php(419): CodeIgniter\CodeIgniter->runController(Object(App\Controllers\Admin\Vistas))
#7 C:\laragon\www\CT\system\CodeIgniter.php(326): CodeIgniter\CodeIgniter->handleRequest(NULL, Object(Config\Cache), false)
#8 C:\laragon\www\CT\public\index.php(37): CodeIgniter\CodeIgniter->run()
#9 {main}
CRITICAL - 2022-06-13 11:23:09 --> Argument 1 passed to CodeIgniter\BaseModel::findAll() must be of the type int, string given, called in C:\laragon\www\CT\app\Views\admin\agregarIncidencia.php on line 132
#0 C:\laragon\www\CT\app\Views\admin\agregarIncidencia.php(132): CodeIgniter\BaseModel->findAll('buscar')
#1 C:\laragon\www\CT\system\View\View.php(210): include('C:\\laragon\\www\\...')
#2 C:\laragon\www\CT\system\View\View.php(213): CodeIgniter\View\View->CodeIgniter\View\{closure}()
#3 C:\laragon\www\CT\system\Common.php(1089): CodeIgniter\View\View->render('admin/agregarIn...', Array, true)
#4 C:\laragon\www\CT\app\Controllers\Admin\Vistas.php(35): view('admin/agregarIn...', Array)
#5 C:\laragon\www\CT\system\CodeIgniter.php(832): App\Controllers\Admin\Vistas->incidencia()
#6 C:\laragon\www\CT\system\CodeIgniter.php(419): CodeIgniter\CodeIgniter->runController(Object(App\Controllers\Admin\Vistas))
#7 C:\laragon\www\CT\system\CodeIgniter.php(326): CodeIgniter\CodeIgniter->handleRequest(NULL, Object(Config\Cache), false)
#8 C:\laragon\www\CT\public\index.php(37): CodeIgniter\CodeIgniter->run()
#9 {main}
CRITICAL - 2022-06-13 11:31:28 --> syntax error, unexpected '?>'
#0 C:\laragon\www\CT\system\View\View.php(213): CodeIgniter\View\View->CodeIgniter\View\{closure}()
#1 C:\laragon\www\CT\system\Common.php(1089): CodeIgniter\View\View->render('admin/agregarIn...', Array, true)
#2 C:\laragon\www\CT\app\Controllers\Admin\Vistas.php(35): view('admin/agregarIn...', Array)
#3 C:\laragon\www\CT\system\CodeIgniter.php(832): App\Controllers\Admin\Vistas->incidencia()
#4 C:\laragon\www\CT\system\CodeIgniter.php(419): CodeIgniter\CodeIgniter->runController(Object(App\Controllers\Admin\Vistas))
#5 C:\laragon\www\CT\system\CodeIgniter.php(326): CodeIgniter\CodeIgniter->handleRequest(NULL, Object(Config\Cache), false)
#6 C:\laragon\www\CT\public\index.php(37): CodeIgniter\CodeIgniter->run()
#7 {main}
CRITICAL - 2022-06-13 11:32:08 --> syntax error, unexpected '?>'
#0 C:\laragon\www\CT\system\View\View.php(213): CodeIgniter\View\View->CodeIgniter\View\{closure}()
#1 C:\laragon\www\CT\system\Common.php(1089): CodeIgniter\View\View->render('admin/agregarIn...', Array, true)
#2 C:\laragon\www\CT\app\Controllers\Admin\Vistas.php(35): view('admin/agregarIn...', Array)
#3 C:\laragon\www\CT\system\CodeIgniter.php(832): App\Controllers\Admin\Vistas->incidencia()
#4 C:\laragon\www\CT\system\CodeIgniter.php(419): CodeIgniter\CodeIgniter->runController(Object(App\Controllers\Admin\Vistas))
#5 C:\laragon\www\CT\system\CodeIgniter.php(326): CodeIgniter\CodeIgniter->handleRequest(NULL, Object(Config\Cache), false)
#6 C:\laragon\www\CT\public\index.php(37): CodeIgniter\CodeIgniter->run()
#7 {main}
CRITICAL - 2022-06-13 11:34:43 --> Trying to get property 'idCt' of non-object
#0 C:\laragon\www\CT\app\Views\admin\agregarIncidencia.php(137): CodeIgniter\Debug\Exceptions->errorHandler(8, 'Trying to get p...', 'C:\\laragon\\www\\...', 137, Array)
#1 C:\laragon\www\CT\system\View\View.php(210): include('C:\\laragon\\www\\...')
#2 C:\laragon\www\CT\system\View\View.php(213): CodeIgniter\View\View->CodeIgniter\View\{closure}()
#3 C:\laragon\www\CT\system\Common.php(1089): CodeIgniter\View\View->render('admin/agregarIn...', Array, true)
#4 C:\laragon\www\CT\app\Controllers\Admin\Vistas.php(35): view('admin/agregarIn...', Array)
#5 C:\laragon\www\CT\system\CodeIgniter.php(832): App\Controllers\Admin\Vistas->incidencia()
#6 C:\laragon\www\CT\system\CodeIgniter.php(419): CodeIgniter\CodeIgniter->runController(Object(App\Controllers\Admin\Vistas))
#7 C:\laragon\www\CT\system\CodeIgniter.php(326): CodeIgniter\CodeIgniter->handleRequest(NULL, Object(Config\Cache), false)
#8 C:\laragon\www\CT\public\index.php(37): CodeIgniter\CodeIgniter->run()
#9 {main}
CRITICAL - 2022-06-13 11:37:29 --> Trying to get property 'idCt' of non-object
#0 C:\laragon\www\CT\app\Views\admin\agregarIncidencia.php(137): CodeIgniter\Debug\Exceptions->errorHandler(8, 'Trying to get p...', 'C:\\laragon\\www\\...', 137, Array)
#1 C:\laragon\www\CT\system\View\View.php(210): include('C:\\laragon\\www\\...')
#2 C:\laragon\www\CT\system\View\View.php(213): CodeIgniter\View\View->CodeIgniter\View\{closure}()
#3 C:\laragon\www\CT\system\Common.php(1089): CodeIgniter\View\View->render('admin/agregarIn...', Array, true)
#4 C:\laragon\www\CT\app\Controllers\Admin\Vistas.php(35): view('admin/agregarIn...', Array)
#5 C:\laragon\www\CT\system\CodeIgniter.php(832): App\Controllers\Admin\Vistas->incidencia()
#6 C:\laragon\www\CT\system\CodeIgniter.php(419): CodeIgniter\CodeIgniter->runController(Object(App\Controllers\Admin\Vistas))
#7 C:\laragon\www\CT\system\CodeIgniter.php(326): CodeIgniter\CodeIgniter->handleRequest(NULL, Object(Config\Cache), false)
#8 C:\laragon\www\CT\public\index.php(37): CodeIgniter\CodeIgniter->run()
#9 {main}
CRITICAL - 2022-06-13 11:38:27 --> Trying to get property 'idCt' of non-object
#0 C:\laragon\www\CT\app\Views\admin\agregarIncidencia.php(137): CodeIgniter\Debug\Exceptions->errorHandler(8, 'Trying to get p...', 'C:\\laragon\\www\\...', 137, Array)
#1 C:\laragon\www\CT\system\View\View.php(210): include('C:\\laragon\\www\\...')
#2 C:\laragon\www\CT\system\View\View.php(213): CodeIgniter\View\View->CodeIgniter\View\{closure}()
#3 C:\laragon\www\CT\system\Common.php(1089): CodeIgniter\View\View->render('admin/agregarIn...', Array, true)
#4 C:\laragon\www\CT\app\Controllers\Admin\Vistas.php(35): view('admin/agregarIn...', Array)
#5 C:\laragon\www\CT\system\CodeIgniter.php(832): App\Controllers\Admin\Vistas->incidencia()
#6 C:\laragon\www\CT\system\CodeIgniter.php(419): CodeIgniter\CodeIgniter->runController(Object(App\Controllers\Admin\Vistas))
#7 C:\laragon\www\CT\system\CodeIgniter.php(326): CodeIgniter\CodeIgniter->handleRequest(NULL, Object(Config\Cache), false)
#8 C:\laragon\www\CT\public\index.php(37): CodeIgniter\CodeIgniter->run()
#9 {main}
CRITICAL - 2022-06-13 11:42:40 --> Trying to get property 'idCt' of non-object
#0 C:\laragon\www\CT\app\Views\admin\agregarIncidencia.php(136): CodeIgniter\Debug\Exceptions->errorHandler(8, 'Trying to get p...', 'C:\\laragon\\www\\...', 136, Array)
#1 C:\laragon\www\CT\system\View\View.php(210): include('C:\\laragon\\www\\...')
#2 C:\laragon\www\CT\system\View\View.php(213): CodeIgniter\View\View->CodeIgniter\View\{closure}()
#3 C:\laragon\www\CT\system\Common.php(1089): CodeIgniter\View\View->render('admin/agregarIn...', Array, true)
#4 C:\laragon\www\CT\app\Controllers\Admin\Vistas.php(35): view('admin/agregarIn...', Array)
#5 C:\laragon\www\CT\system\CodeIgniter.php(832): App\Controllers\Admin\Vistas->incidencia()
#6 C:\laragon\www\CT\system\CodeIgniter.php(419): CodeIgniter\CodeIgniter->runController(Object(App\Controllers\Admin\Vistas))
#7 C:\laragon\www\CT\system\CodeIgniter.php(326): CodeIgniter\CodeIgniter->handleRequest(NULL, Object(Config\Cache), false)
#8 C:\laragon\www\CT\public\index.php(37): CodeIgniter\CodeIgniter->run()
#9 {main}
CRITICAL - 2022-06-13 11:44:19 --> syntax error, unexpected '<', expecting ')'
#0 C:\laragon\www\CT\system\View\View.php(213): CodeIgniter\View\View->CodeIgniter\View\{closure}()
#1 C:\laragon\www\CT\system\Common.php(1089): CodeIgniter\View\View->render('admin/agregarIn...', Array, true)
#2 C:\laragon\www\CT\app\Controllers\Admin\Vistas.php(35): view('admin/agregarIn...', Array)
#3 C:\laragon\www\CT\system\CodeIgniter.php(832): App\Controllers\Admin\Vistas->incidencia()
#4 C:\laragon\www\CT\system\CodeIgniter.php(419): CodeIgniter\CodeIgniter->runController(Object(App\Controllers\Admin\Vistas))
#5 C:\laragon\www\CT\system\CodeIgniter.php(326): CodeIgniter\CodeIgniter->handleRequest(NULL, Object(Config\Cache), false)
#6 C:\laragon\www\CT\public\index.php(37): CodeIgniter\CodeIgniter->run()
#7 {main}
CRITICAL - 2022-06-13 11:49:58 --> syntax error, unexpected '?>', expecting ')'
#0 C:\laragon\www\CT\system\View\View.php(213): CodeIgniter\View\View->CodeIgniter\View\{closure}()
#1 C:\laragon\www\CT\system\Common.php(1089): CodeIgniter\View\View->render('admin/agregarIn...', Array, true)
#2 C:\laragon\www\CT\app\Controllers\Admin\Vistas.php(35): view('admin/agregarIn...', Array)
#3 C:\laragon\www\CT\system\CodeIgniter.php(832): App\Controllers\Admin\Vistas->incidencia()
#4 C:\laragon\www\CT\system\CodeIgniter.php(419): CodeIgniter\CodeIgniter->runController(Object(App\Controllers\Admin\Vistas))
#5 C:\laragon\www\CT\system\CodeIgniter.php(326): CodeIgniter\CodeIgniter->handleRequest(NULL, Object(Config\Cache), false)
#6 C:\laragon\www\CT\public\index.php(37): CodeIgniter\CodeIgniter->run()
#7 {main}
CRITICAL - 2022-06-13 11:51:29 --> syntax error, unexpected '?>', expecting ')'
#0 C:\laragon\www\CT\system\View\View.php(213): CodeIgniter\View\View->CodeIgniter\View\{closure}()
#1 C:\laragon\www\CT\system\Common.php(1089): CodeIgniter\View\View->render('admin/agregarIn...', Array, true)
#2 C:\laragon\www\CT\app\Controllers\Admin\Vistas.php(35): view('admin/agregarIn...', Array)
#3 C:\laragon\www\CT\system\CodeIgniter.php(832): App\Controllers\Admin\Vistas->incidencia()
#4 C:\laragon\www\CT\system\CodeIgniter.php(419): CodeIgniter\CodeIgniter->runController(Object(App\Controllers\Admin\Vistas))
#5 C:\laragon\www\CT\system\CodeIgniter.php(326): CodeIgniter\CodeIgniter->handleRequest(NULL, Object(Config\Cache), false)
#6 C:\laragon\www\CT\public\index.php(37): CodeIgniter\CodeIgniter->run()
#7 {main}
CRITICAL - 2022-06-13 11:52:18 --> Trying to get property 'idCt' of non-object
#0 C:\laragon\www\CT\app\Views\admin\agregarIncidencia.php(134): CodeIgniter\Debug\Exceptions->errorHandler(8, 'Trying to get p...', 'C:\\laragon\\www\\...', 134, Array)
#1 C:\laragon\www\CT\system\View\View.php(210): include('C:\\laragon\\www\\...')
#2 C:\laragon\www\CT\system\View\View.php(213): CodeIgniter\View\View->CodeIgniter\View\{closure}()
#3 C:\laragon\www\CT\system\Common.php(1089): CodeIgniter\View\View->render('admin/agregarIn...', Array, true)
#4 C:\laragon\www\CT\app\Controllers\Admin\Vistas.php(35): view('admin/agregarIn...', Array)
#5 C:\laragon\www\CT\system\CodeIgniter.php(832): App\Controllers\Admin\Vistas->incidencia()
#6 C:\laragon\www\CT\system\CodeIgniter.php(419): CodeIgniter\CodeIgniter->runController(Object(App\Controllers\Admin\Vistas))
#7 C:\laragon\www\CT\system\CodeIgniter.php(326): CodeIgniter\CodeIgniter->handleRequest(NULL, Object(Config\Cache), false)
#8 C:\laragon\www\CT\public\index.php(37): CodeIgniter\CodeIgniter->run()
#9 {main}
CRITICAL - 2022-06-13 11:53:46 --> Trying to get property 'idCt' of non-object
#0 C:\laragon\www\CT\app\Views\admin\agregarIncidencia.php(134): CodeIgniter\Debug\Exceptions->errorHandler(8, 'Trying to get p...', 'C:\\laragon\\www\\...', 134, Array)
#1 C:\laragon\www\CT\system\View\View.php(210): include('C:\\laragon\\www\\...')
#2 C:\laragon\www\CT\system\View\View.php(213): CodeIgniter\View\View->CodeIgniter\View\{closure}()
#3 C:\laragon\www\CT\system\Common.php(1089): CodeIgniter\View\View->render('admin/agregarIn...', Array, true)
#4 C:\laragon\www\CT\app\Controllers\Admin\Vistas.php(35): view('admin/agregarIn...', Array)
#5 C:\laragon\www\CT\system\CodeIgniter.php(832): App\Controllers\Admin\Vistas->incidencia()
#6 C:\laragon\www\CT\system\CodeIgniter.php(419): CodeIgniter\CodeIgniter->runController(Object(App\Controllers\Admin\Vistas))
#7 C:\laragon\www\CT\system\CodeIgniter.php(326): CodeIgniter\CodeIgniter->handleRequest(NULL, Object(Config\Cache), false)
#8 C:\laragon\www\CT\public\index.php(37): CodeIgniter\CodeIgniter->run()
#9 {main}
CRITICAL - 2022-06-13 11:58:25 --> syntax error, unexpected '?>'
#0 C:\laragon\www\CT\system\View\View.php(213): CodeIgniter\View\View->CodeIgniter\View\{closure}()
#1 C:\laragon\www\CT\system\Common.php(1089): CodeIgniter\View\View->render('admin/agregarIn...', Array, true)
#2 C:\laragon\www\CT\app\Controllers\Admin\Vistas.php(35): view('admin/agregarIn...', Array)
#3 C:\laragon\www\CT\system\CodeIgniter.php(832): App\Controllers\Admin\Vistas->incidencia()
#4 C:\laragon\www\CT\system\CodeIgniter.php(419): CodeIgniter\CodeIgniter->runController(Object(App\Controllers\Admin\Vistas))
#5 C:\laragon\www\CT\system\CodeIgniter.php(326): CodeIgniter\CodeIgniter->handleRequest(NULL, Object(Config\Cache), false)
#6 C:\laragon\www\CT\public\index.php(37): CodeIgniter\CodeIgniter->run()
#7 {main}
CRITICAL - 2022-06-13 11:58:52 --> syntax error, unexpected '<'
#0 C:\laragon\www\CT\system\View\View.php(213): CodeIgniter\View\View->CodeIgniter\View\{closure}()
#1 C:\laragon\www\CT\system\Common.php(1089): CodeIgniter\View\View->render('admin/agregarIn...', Array, true)
#2 C:\laragon\www\CT\app\Controllers\Admin\Vistas.php(35): view('admin/agregarIn...', Array)
#3 C:\laragon\www\CT\system\CodeIgniter.php(832): App\Controllers\Admin\Vistas->incidencia()
#4 C:\laragon\www\CT\system\CodeIgniter.php(419): CodeIgniter\CodeIgniter->runController(Object(App\Controllers\Admin\Vistas))
#5 C:\laragon\www\CT\system\CodeIgniter.php(326): CodeIgniter\CodeIgniter->handleRequest(NULL, Object(Config\Cache), false)
#6 C:\laragon\www\CT\public\index.php(37): CodeIgniter\CodeIgniter->run()
#7 {main}
CRITICAL - 2022-06-13 11:59:04 --> syntax error, unexpected '<'
#0 C:\laragon\www\CT\system\View\View.php(213): CodeIgniter\View\View->CodeIgniter\View\{closure}()
#1 C:\laragon\www\CT\system\Common.php(1089): CodeIgniter\View\View->render('admin/agregarIn...', Array, true)
#2 C:\laragon\www\CT\app\Controllers\Admin\Vistas.php(35): view('admin/agregarIn...', Array)
#3 C:\laragon\www\CT\system\CodeIgniter.php(832): App\Controllers\Admin\Vistas->incidencia()
#4 C:\laragon\www\CT\system\CodeIgniter.php(419): CodeIgniter\CodeIgniter->runController(Object(App\Controllers\Admin\Vistas))
#5 C:\laragon\www\CT\system\CodeIgniter.php(326): CodeIgniter\CodeIgniter->handleRequest(NULL, Object(Config\Cache), false)
#6 C:\laragon\www\CT\public\index.php(37): CodeIgniter\CodeIgniter->run()
#7 {main}
CRITICAL - 2022-06-13 12:00:04 --> Undefined variable: buscar
#0 C:\laragon\www\CT\app\Views\admin\agregarIncidencia.php(132): CodeIgniter\Debug\Exceptions->errorHandler(8, 'Undefined varia...', 'C:\\laragon\\www\\...', 132, Array)
#1 C:\laragon\www\CT\system\View\View.php(210): include('C:\\laragon\\www\\...')
#2 C:\laragon\www\CT\system\View\View.php(213): CodeIgniter\View\View->CodeIgniter\View\{closure}()
#3 C:\laragon\www\CT\system\Common.php(1089): CodeIgniter\View\View->render('admin/agregarIn...', Array, true)
#4 C:\laragon\www\CT\app\Controllers\Admin\Vistas.php(35): view('admin/agregarIn...', Array)
#5 C:\laragon\www\CT\system\CodeIgniter.php(832): App\Controllers\Admin\Vistas->incidencia()
#6 C:\laragon\www\CT\system\CodeIgniter.php(419): CodeIgniter\CodeIgniter->runController(Object(App\Controllers\Admin\Vistas))
#7 C:\laragon\www\CT\system\CodeIgniter.php(326): CodeIgniter\CodeIgniter->handleRequest(NULL, Object(Config\Cache), false)
#8 C:\laragon\www\CT\public\index.php(37): CodeIgniter\CodeIgniter->run()
#9 {main}
CRITICAL - 2022-06-13 12:00:38 --> Undefined variable: buscar
#0 C:\laragon\www\CT\app\Views\admin\agregarIncidencia.php(132): CodeIgniter\Debug\Exceptions->errorHandler(8, 'Undefined varia...', 'C:\\laragon\\www\\...', 132, Array)
#1 C:\laragon\www\CT\system\View\View.php(210): include('C:\\laragon\\www\\...')
#2 C:\laragon\www\CT\system\View\View.php(213): CodeIgniter\View\View->CodeIgniter\View\{closure}()
#3 C:\laragon\www\CT\system\Common.php(1089): CodeIgniter\View\View->render('admin/agregarIn...', Array, true)
#4 C:\laragon\www\CT\app\Controllers\Admin\Vistas.php(35): view('admin/agregarIn...', Array)
#5 C:\laragon\www\CT\system\CodeIgniter.php(832): App\Controllers\Admin\Vistas->incidencia()
#6 C:\laragon\www\CT\system\CodeIgniter.php(419): CodeIgniter\CodeIgniter->runController(Object(App\Controllers\Admin\Vistas))
#7 C:\laragon\www\CT\system\CodeIgniter.php(326): CodeIgniter\CodeIgniter->handleRequest(NULL, Object(Config\Cache), false)
#8 C:\laragon\www\CT\public\index.php(37): CodeIgniter\CodeIgniter->run()
#9 {main}
CRITICAL - 2022-06-13 12:59:17 --> Undefined variable: buscar
#0 C:\laragon\www\CT\app\Views\admin\agregarIncidencia.php(133): CodeIgniter\Debug\Exceptions->errorHandler(8, 'Undefined varia...', 'C:\\laragon\\www\\...', 133, Array)
#1 C:\laragon\www\CT\system\View\View.php(210): include('C:\\laragon\\www\\...')
#2 C:\laragon\www\CT\system\View\View.php(213): CodeIgniter\View\View->CodeIgniter\View\{closure}()
#3 C:\laragon\www\CT\system\Common.php(1089): CodeIgniter\View\View->render('admin/agregarIn...', Array, true)
#4 C:\laragon\www\CT\app\Controllers\Admin\Vistas.php(35): view('admin/agregarIn...', Array)
#5 C:\laragon\www\CT\system\CodeIgniter.php(832): App\Controllers\Admin\Vistas->incidencia()
#6 C:\laragon\www\CT\system\CodeIgniter.php(419): CodeIgniter\CodeIgniter->runController(Object(App\Controllers\Admin\Vistas))
#7 C:\laragon\www\CT\system\CodeIgniter.php(326): CodeIgniter\CodeIgniter->handleRequest(NULL, Object(Config\Cache), false)
#8 C:\laragon\www\CT\public\index.php(37): CodeIgniter\CodeIgniter->run()
#9 {main}
CRITICAL - 2022-06-13 13:00:33 --> syntax error, unexpected '<', expecting ')'
#0 C:\laragon\www\CT\system\View\View.php(213): CodeIgniter\View\View->CodeIgniter\View\{closure}()
#1 C:\laragon\www\CT\system\Common.php(1089): CodeIgniter\View\View->render('admin/agregarIn...', Array, true)
#2 C:\laragon\www\CT\app\Controllers\Admin\Vistas.php(35): view('admin/agregarIn...', Array)
#3 C:\laragon\www\CT\system\CodeIgniter.php(832): App\Controllers\Admin\Vistas->incidencia()
#4 C:\laragon\www\CT\system\CodeIgniter.php(419): CodeIgniter\CodeIgniter->runController(Object(App\Controllers\Admin\Vistas))
#5 C:\laragon\www\CT\system\CodeIgniter.php(326): CodeIgniter\CodeIgniter->handleRequest(NULL, Object(Config\Cache), false)
#6 C:\laragon\www\CT\public\index.php(37): CodeIgniter\CodeIgniter->run()
#7 {main}
CRITICAL - 2022-06-13 13:00:57 --> syntax error, unexpected '<', expecting ')'
#0 C:\laragon\www\CT\system\View\View.php(213): CodeIgniter\View\View->CodeIgniter\View\{closure}()
#1 C:\laragon\www\CT\system\Common.php(1089): CodeIgniter\View\View->render('admin/agregarIn...', Array, true)
#2 C:\laragon\www\CT\app\Controllers\Admin\Vistas.php(35): view('admin/agregarIn...', Array)
#3 C:\laragon\www\CT\system\CodeIgniter.php(832): App\Controllers\Admin\Vistas->incidencia()
#4 C:\laragon\www\CT\system\CodeIgniter.php(419): CodeIgniter\CodeIgniter->runController(Object(App\Controllers\Admin\Vistas))
#5 C:\laragon\www\CT\system\CodeIgniter.php(326): CodeIgniter\CodeIgniter->handleRequest(NULL, Object(Config\Cache), false)
#6 C:\laragon\www\CT\public\index.php(37): CodeIgniter\CodeIgniter->run()
#7 {main}
CRITICAL - 2022-06-13 13:03:07 --> Undefined variable: mostrar
#0 C:\laragon\www\CT\app\Views\admin\agregarIncidencia.php(134): CodeIgniter\Debug\Exceptions->errorHandler(8, 'Undefined varia...', 'C:\\laragon\\www\\...', 134, Array)
#1 C:\laragon\www\CT\system\View\View.php(210): include('C:\\laragon\\www\\...')
#2 C:\laragon\www\CT\system\View\View.php(213): CodeIgniter\View\View->CodeIgniter\View\{closure}()
#3 C:\laragon\www\CT\system\Common.php(1089): CodeIgniter\View\View->render('admin/agregarIn...', Array, true)
#4 C:\laragon\www\CT\app\Controllers\Admin\Vistas.php(35): view('admin/agregarIn...', Array)
#5 C:\laragon\www\CT\system\CodeIgniter.php(832): App\Controllers\Admin\Vistas->incidencia()
#6 C:\laragon\www\CT\system\CodeIgniter.php(419): CodeIgniter\CodeIgniter->runController(Object(App\Controllers\Admin\Vistas))
#7 C:\laragon\www\CT\system\CodeIgniter.php(326): CodeIgniter\CodeIgniter->handleRequest(NULL, Object(Config\Cache), false)
#8 C:\laragon\www\CT\public\index.php(37): CodeIgniter\CodeIgniter->run()
#9 {main}
CRITICAL - 2022-06-13 13:03:52 --> Undefined variable: mostrar
#0 C:\laragon\www\CT\app\Views\admin\agregarIncidencia.php(134): CodeIgniter\Debug\Exceptions->errorHandler(8, 'Undefined varia...', 'C:\\laragon\\www\\...', 134, Array)
#1 C:\laragon\www\CT\system\View\View.php(210): include('C:\\laragon\\www\\...')
#2 C:\laragon\www\CT\system\View\View.php(213): CodeIgniter\View\View->CodeIgniter\View\{closure}()
#3 C:\laragon\www\CT\system\Common.php(1089): CodeIgniter\View\View->render('admin/agregarIn...', Array, true)
#4 C:\laragon\www\CT\app\Controllers\Admin\Vistas.php(35): view('admin/agregarIn...', Array)
#5 C:\laragon\www\CT\system\CodeIgniter.php(832): App\Controllers\Admin\Vistas->incidencia()
#6 C:\laragon\www\CT\system\CodeIgniter.php(419): CodeIgniter\CodeIgniter->runController(Object(App\Controllers\Admin\Vistas))
#7 C:\laragon\www\CT\system\CodeIgniter.php(326): CodeIgniter\CodeIgniter->handleRequest(NULL, Object(Config\Cache), false)
#8 C:\laragon\www\CT\public\index.php(37): CodeIgniter\CodeIgniter->run()
#9 {main}
CRITICAL - 2022-06-13 17:39:44 --> Undefined variable: mostrar
#0 C:\laragon\www\CT\app\Views\admin\agregarIncidencia.php(143): CodeIgniter\Debug\Exceptions->errorHandler(8, 'Undefined varia...', 'C:\\laragon\\www\\...', 143, Array)
#1 C:\laragon\www\CT\system\View\View.php(210): include('C:\\laragon\\www\\...')
#2 C:\laragon\www\CT\system\View\View.php(213): CodeIgniter\View\View->CodeIgniter\View\{closure}()
#3 C:\laragon\www\CT\system\Common.php(1089): CodeIgniter\View\View->render('admin/agregarIn...', Array, true)
#4 C:\laragon\www\CT\app\Controllers\Admin\Vistas.php(35): view('admin/agregarIn...', Array)
#5 C:\laragon\www\CT\system\CodeIgniter.php(832): App\Controllers\Admin\Vistas->incidencia()
#6 C:\laragon\www\CT\system\CodeIgniter.php(419): CodeIgniter\CodeIgniter->runController(Object(App\Controllers\Admin\Vistas))
#7 C:\laragon\www\CT\system\CodeIgniter.php(326): CodeIgniter\CodeIgniter->handleRequest(NULL, Object(Config\Cache), false)
#8 C:\laragon\www\CT\public\index.php(37): CodeIgniter\CodeIgniter->run()
#9 {main}
CRITICAL - 2022-06-13 17:40:13 --> syntax error, unexpected '?>'
#0 C:\laragon\www\CT\system\View\View.php(213): CodeIgniter\View\View->CodeIgniter\View\{closure}()
#1 C:\laragon\www\CT\system\Common.php(1089): CodeIgniter\View\View->render('admin/agregarIn...', Array, true)
#2 C:\laragon\www\CT\app\Controllers\Admin\Vistas.php(35): view('admin/agregarIn...', Array)
#3 C:\laragon\www\CT\system\CodeIgniter.php(832): App\Controllers\Admin\Vistas->incidencia()
#4 C:\laragon\www\CT\system\CodeIgniter.php(419): CodeIgniter\CodeIgniter->runController(Object(App\Controllers\Admin\Vistas))
#5 C:\laragon\www\CT\system\CodeIgniter.php(326): CodeIgniter\CodeIgniter->handleRequest(NULL, Object(Config\Cache), false)
#6 C:\laragon\www\CT\public\index.php(37): CodeIgniter\CodeIgniter->run()
#7 {main}
CRITICAL - 2022-06-13 18:00:26 --> Undefined index: buscar
#0 C:\laragon\www\CT\app\Controllers\Admin\UpdateDelete.php(860): CodeIgniter\Debug\Exceptions->errorHandler(8, 'Undefined index...', 'C:\\laragon\\www\\...', 860, Array)
#1 C:\laragon\www\CT\system\CodeIgniter.php(832): App\Controllers\Admin\UpdateDelete->mostrar()
#2 C:\laragon\www\CT\system\CodeIgniter.php(419): CodeIgniter\CodeIgniter->runController(Object(App\Controllers\Admin\UpdateDelete))
#3 C:\laragon\www\CT\system\CodeIgniter.php(326): CodeIgniter\CodeIgniter->handleRequest(NULL, Object(Config\Cache), false)
#4 C:\laragon\www\CT\public\index.php(37): CodeIgniter\CodeIgniter->run()
#5 {main}
