ERROR - 2022-06-11 11:28:54 --> You have an error in your SQL syntax; check the manual that corresponds to your MySQL server version for the right syntax to use near 'AND `date_create` <
AND `tbl_incidencias`.`date_delete` IS NULL' at line 7
CRITICAL - 2022-06-11 11:28:54 --> You have an error in your SQL syntax; check the manual that corresponds to your MySQL server version for the right syntax to use near 'AND `date_create` <
AND `tbl_incidencias`.`date_delete` IS NULL' at line 7
#0 C:\laragon\www\CT\system\Database\MySQLi\Connection.php(292): mysqli->query('SELECT *\nFROM `...', 0)
#1 C:\laragon\www\CT\system\Database\BaseConnection.php(670): CodeIgniter\Database\MySQLi\Connection->execute('SELECT *\nFROM `...')
#2 C:\laragon\www\CT\system\Database\BaseConnection.php(598): CodeIgniter\Database\BaseConnection->simpleQuery('SELECT *\nFROM `...')
#3 C:\laragon\www\CT\system\Database\BaseBuilder.php(1455): CodeIgniter\Database\BaseConnection->query('SELECT *\nFROM `...', Array, false)
#4 C:\laragon\www\CT\system\Model.php(183): CodeIgniter\Database\BaseBuilder->get()
#5 C:\laragon\www\CT\system\BaseModel.php(584): CodeIgniter\Model->doFindAll(0, 0)
#6 C:\laragon\www\CT\app\Controllers\Admin\Vistas.php(82): CodeIgniter\BaseModel->findAll()
#7 C:\laragon\www\CT\system\CodeIgniter.php(832): App\Controllers\Admin\Vistas->filtrarIncidencia()
#8 C:\laragon\www\CT\system\CodeIgniter.php(419): CodeIgniter\CodeIgniter->runController(Object(App\Controllers\Admin\Vistas))
#9 C:\laragon\www\CT\system\CodeIgniter.php(326): CodeIgniter\CodeIgniter->handleRequest(NULL, Object(Config\Cache), false)
#10 C:\laragon\www\CT\public\index.php(37): CodeIgniter\CodeIgniter->run()
#11 {main}
ERROR - 2022-06-11 11:29:03 --> You have an error in your SQL syntax; check the manual that corresponds to your MySQL server version for the right syntax to use near 'AND `date_create` <
AND `tbl_incidencias`.`date_delete` IS NULL' at line 7
CRITICAL - 2022-06-11 11:29:03 --> You have an error in your SQL syntax; check the manual that corresponds to your MySQL server version for the right syntax to use near 'AND `date_create` <
AND `tbl_incidencias`.`date_delete` IS NULL' at line 7
#0 C:\laragon\www\CT\system\Database\MySQLi\Connection.php(292): mysqli->query('SELECT *\nFROM `...', 0)
#1 C:\laragon\www\CT\system\Database\BaseConnection.php(670): CodeIgniter\Database\MySQLi\Connection->execute('SELECT *\nFROM `...')
#2 C:\laragon\www\CT\system\Database\BaseConnection.php(598): CodeIgniter\Database\BaseConnection->simpleQuery('SELECT *\nFROM `...')
#3 C:\laragon\www\CT\system\Database\BaseBuilder.php(1455): CodeIgniter\Database\BaseConnection->query('SELECT *\nFROM `...', Array, false)
#4 C:\laragon\www\CT\system\Model.php(183): CodeIgniter\Database\BaseBuilder->get()
#5 C:\laragon\www\CT\system\BaseModel.php(584): CodeIgniter\Model->doFindAll(0, 0)
#6 C:\laragon\www\CT\app\Controllers\Admin\Vistas.php(82): CodeIgniter\BaseModel->findAll()
#7 C:\laragon\www\CT\system\CodeIgniter.php(832): App\Controllers\Admin\Vistas->filtrarIncidencia()
#8 C:\laragon\www\CT\system\CodeIgniter.php(419): CodeIgniter\CodeIgniter->runController(Object(App\Controllers\Admin\Vistas))
#9 C:\laragon\www\CT\system\CodeIgniter.php(326): CodeIgniter\CodeIgniter->handleRequest(NULL, Object(Config\Cache), false)
#10 C:\laragon\www\CT\public\index.php(37): CodeIgniter\CodeIgniter->run()
#11 {main}
ERROR - 2022-06-11 11:34:54 --> You have an error in your SQL syntax; check the manual that corresponds to your MySQL server version for the right syntax to use near 'AND `date_create` <
AND `tbl_incidencias`.`date_delete` IS NULL' at line 7
CRITICAL - 2022-06-11 11:34:54 --> You have an error in your SQL syntax; check the manual that corresponds to your MySQL server version for the right syntax to use near 'AND `date_create` <
AND `tbl_incidencias`.`date_delete` IS NULL' at line 7
#0 C:\laragon\www\CT\system\Database\MySQLi\Connection.php(292): mysqli->query('SELECT *\nFROM `...', 0)
#1 C:\laragon\www\CT\system\Database\BaseConnection.php(670): CodeIgniter\Database\MySQLi\Connection->execute('SELECT *\nFROM `...')
#2 C:\laragon\www\CT\system\Database\BaseConnection.php(598): CodeIgniter\Database\BaseConnection->simpleQuery('SELECT *\nFROM `...')
#3 C:\laragon\www\CT\system\Database\BaseBuilder.php(1455): CodeIgniter\Database\BaseConnection->query('SELECT *\nFROM `...', Array, false)
#4 C:\laragon\www\CT\system\Model.php(183): CodeIgniter\Database\BaseBuilder->get()
#5 C:\laragon\www\CT\system\BaseModel.php(584): CodeIgniter\Model->doFindAll(0, 0)
#6 C:\laragon\www\CT\app\Controllers\Admin\Vistas.php(82): CodeIgniter\BaseModel->findAll()
#7 C:\laragon\www\CT\system\CodeIgniter.php(832): App\Controllers\Admin\Vistas->filtrarIncidencia()
#8 C:\laragon\www\CT\system\CodeIgniter.php(419): CodeIgniter\CodeIgniter->runController(Object(App\Controllers\Admin\Vistas))
#9 C:\laragon\www\CT\system\CodeIgniter.php(326): CodeIgniter\CodeIgniter->handleRequest(NULL, Object(Config\Cache), false)
#10 C:\laragon\www\CT\public\index.php(37): CodeIgniter\CodeIgniter->run()
#11 {main}
ERROR - 2022-06-11 11:39:10 --> You have an error in your SQL syntax; check the manual that corresponds to your MySQL server version for the right syntax to use near 'AND `date_create` <
AND `tbl_incidencias`.`date_delete` IS NULL' at line 7
CRITICAL - 2022-06-11 11:39:10 --> You have an error in your SQL syntax; check the manual that corresponds to your MySQL server version for the right syntax to use near 'AND `date_create` <
AND `tbl_incidencias`.`date_delete` IS NULL' at line 7
#0 C:\laragon\www\CT\system\Database\MySQLi\Connection.php(292): mysqli->query('SELECT *\nFROM `...', 0)
#1 C:\laragon\www\CT\system\Database\BaseConnection.php(670): CodeIgniter\Database\MySQLi\Connection->execute('SELECT *\nFROM `...')
#2 C:\laragon\www\CT\system\Database\BaseConnection.php(598): CodeIgniter\Database\BaseConnection->simpleQuery('SELECT *\nFROM `...')
#3 C:\laragon\www\CT\system\Database\BaseBuilder.php(1455): CodeIgniter\Database\BaseConnection->query('SELECT *\nFROM `...', Array, false)
#4 C:\laragon\www\CT\system\Model.php(183): CodeIgniter\Database\BaseBuilder->get()
#5 C:\laragon\www\CT\system\BaseModel.php(584): CodeIgniter\Model->doFindAll(0, 0)
#6 C:\laragon\www\CT\app\Controllers\Admin\Vistas.php(82): CodeIgniter\BaseModel->findAll()
#7 C:\laragon\www\CT\system\CodeIgniter.php(832): App\Controllers\Admin\Vistas->filtrarIncidencia()
#8 C:\laragon\www\CT\system\CodeIgniter.php(419): CodeIgniter\CodeIgniter->runController(Object(App\Controllers\Admin\Vistas))
#9 C:\laragon\www\CT\system\CodeIgniter.php(326): CodeIgniter\CodeIgniter->handleRequest(NULL, Object(Config\Cache), false)
#10 C:\laragon\www\CT\public\index.php(37): CodeIgniter\CodeIgniter->run()
#11 {main}
CRITICAL - 2022-06-11 12:00:04 --> Argument 1 passed to App\Entities\Incidencia::mostrarTipoIncidencia() must be of the type string, null given, called in C:\laragon\www\CT\app\Views\admin\incidencias.php on line 111
#0 C:\laragon\www\CT\app\Views\admin\incidencias.php(111): App\Entities\Incidencia->mostrarTipoIncidencia(NULL)
#1 C:\laragon\www\CT\system\View\View.php(210): include('C:\\laragon\\www\\...')
#2 C:\laragon\www\CT\system\View\View.php(213): CodeIgniter\View\View->CodeIgniter\View\{closure}()
#3 C:\laragon\www\CT\system\Common.php(1089): CodeIgniter\View\View->render('admin/incidenci...', Array, true)
#4 C:\laragon\www\CT\app\Controllers\Admin\Vistas.php(24): view('admin/incidenci...', Array)
#5 C:\laragon\www\CT\system\CodeIgniter.php(832): App\Controllers\Admin\Vistas->index()
#6 C:\laragon\www\CT\system\CodeIgniter.php(419): CodeIgniter\CodeIgniter->runController(Object(App\Controllers\Admin\Vistas))
#7 C:\laragon\www\CT\system\CodeIgniter.php(326): CodeIgniter\CodeIgniter->handleRequest(NULL, Object(Config\Cache), false)
#8 C:\laragon\www\CT\public\index.php(37): CodeIgniter\CodeIgniter->run()
#9 {main}
CRITICAL - 2022-06-11 12:00:14 --> Argument 1 passed to App\Entities\Incidencia::mostrarTipoIncidencia() must be of the type string, null given, called in C:\laragon\www\CT\app\Views\admin\incidencias.php on line 111
#0 C:\laragon\www\CT\app\Views\admin\incidencias.php(111): App\Entities\Incidencia->mostrarTipoIncidencia(NULL)
#1 C:\laragon\www\CT\system\View\View.php(210): include('C:\\laragon\\www\\...')
#2 C:\laragon\www\CT\system\View\View.php(213): CodeIgniter\View\View->CodeIgniter\View\{closure}()
#3 C:\laragon\www\CT\system\Common.php(1089): CodeIgniter\View\View->render('admin/incidenci...', Array, true)
#4 C:\laragon\www\CT\app\Controllers\Admin\Vistas.php(24): view('admin/incidenci...', Array)
#5 C:\laragon\www\CT\system\CodeIgniter.php(832): App\Controllers\Admin\Vistas->index()
#6 C:\laragon\www\CT\system\CodeIgniter.php(419): CodeIgniter\CodeIgniter->runController(Object(App\Controllers\Admin\Vistas))
#7 C:\laragon\www\CT\system\CodeIgniter.php(326): CodeIgniter\CodeIgniter->handleRequest(NULL, Object(Config\Cache), false)
#8 C:\laragon\www\CT\public\index.php(37): CodeIgniter\CodeIgniter->run()
#9 {main}
