CRITICAL - 2022-06-10 14:53:38 --> Trying to get property 'usuario' of non-object
#0 C:\laragon\www\CT\app\Entities\Incidencia.php(19): CodeIgniter\Debug\Exceptions->errorHandler(8, 'Trying to get p...', 'C:\\laragon\\www\\...', 19, Array)
#1 C:\laragon\www\CT\app\Views\admin\resolverIncidencias.php(58): App\Entities\Incidencia->mostrarUsuario('Cable de red ma...')
#2 C:\laragon\www\CT\system\View\View.php(210): include('C:\\laragon\\www\\...')
#3 C:\laragon\www\CT\system\View\View.php(213): CodeIgniter\View\View->CodeIgniter\View\{closure}()
#4 C:\laragon\www\CT\system\Common.php(1089): CodeIgniter\View\View->render('admin/resolverI...', Array, true)
#5 C:\laragon\www\CT\app\Controllers\Admin\Vistas.php(215): view('admin/resolverI...', Array)
#6 C:\laragon\www\CT\system\CodeIgniter.php(832): App\Controllers\Admin\Vistas->resolverIncidencia()
#7 C:\laragon\www\CT\system\CodeIgniter.php(419): CodeIgniter\CodeIgniter->runController(Object(App\Controllers\Admin\Vistas))
#8 C:\laragon\www\CT\system\CodeIgniter.php(326): CodeIgniter\CodeIgniter->handleRequest(NULL, Object(Config\Cache), false)
#9 C:\laragon\www\CT\public\index.php(37): CodeIgniter\CodeIgniter->run()
#10 {main}
CRITICAL - 2022-06-10 14:54:07 --> Trying to get property 'nombreCt' of non-object
#0 C:\laragon\www\CT\app\Entities\Incidencia.php(24): CodeIgniter\Debug\Exceptions->errorHandler(8, 'Trying to get p...', 'C:\\laragon\\www\\...', 24, Array)
#1 C:\laragon\www\CT\app\Views\admin\resolverIncidencias.php(58): App\Entities\Incidencia->mostrarCt('Cable de red ma...')
#2 C:\laragon\www\CT\system\View\View.php(210): include('C:\\laragon\\www\\...')
#3 C:\laragon\www\CT\system\View\View.php(213): CodeIgniter\View\View->CodeIgniter\View\{closure}()
#4 C:\laragon\www\CT\system\Common.php(1089): CodeIgniter\View\View->render('admin/resolverI...', Array, true)
#5 C:\laragon\www\CT\app\Controllers\Admin\Vistas.php(215): view('admin/resolverI...', Array)
#6 C:\laragon\www\CT\system\CodeIgniter.php(832): App\Controllers\Admin\Vistas->resolverIncidencia()
#7 C:\laragon\www\CT\system\CodeIgniter.php(419): CodeIgniter\CodeIgniter->runController(Object(App\Controllers\Admin\Vistas))
#8 C:\laragon\www\CT\system\CodeIgniter.php(326): CodeIgniter\CodeIgniter->handleRequest(NULL, Object(Config\Cache), false)
#9 C:\laragon\www\CT\public\index.php(37): CodeIgniter\CodeIgniter->run()
#10 {main}
